  assembler.c
d:\문서\github\assemblerinc\assemblerinc\assembler.c(90): warning C4047: '함수': 'char *'의 간접 참조 수준이 'char [100][50]'과(와) 다릅니다.
d:\문서\github\assemblerinc\assemblerinc\assembler.c(90): warning C4024: 'strtok': 형식 및 실제 매개 변수 1의 형식이 서로 다릅니다.
d:\문서\github\assemblerinc\assemblerinc\assembler.c(92): warning C4047: '함수': 'char *'의 간접 참조 수준이 'char [100][50]'과(와) 다릅니다.
d:\문서\github\assemblerinc\assemblerinc\assembler.c(92): warning C4024: 'fgets': 형식 및 실제 매개 변수 1의 형식이 서로 다릅니다.
d:\문서\github\assemblerinc\assemblerinc\assembler.c(93): warning C4047: '함수': 'char *'의 간접 참조 수준이 'char [100][50]'과(와) 다릅니다.
d:\문서\github\assemblerinc\assemblerinc\assembler.c(93): warning C4024: 'strtok': 형식 및 실제 매개 변수 1의 형식이 서로 다릅니다.
d:\문서\github\assemblerinc\assemblerinc\assembler.c(114): warning C4047: '함수': 'char *'의 간접 참조 수준이 'char [100][50]'과(와) 다릅니다.
d:\문서\github\assemblerinc\assemblerinc\assembler.c(114): warning C4024: 'fgets': 형식 및 실제 매개 변수 1의 형식이 서로 다릅니다.
d:\문서\github\assemblerinc\assemblerinc\assembler.c(116): warning C4047: '함수': 'char *'의 간접 참조 수준이 'char [100][50]'과(와) 다릅니다.
d:\문서\github\assemblerinc\assemblerinc\assembler.c(116): warning C4024: 'strtok': 형식 및 실제 매개 변수 1의 형식이 서로 다릅니다.
d:\문서\github\assemblerinc\assemblerinc\assembler.c(290): warning C4047: '함수': 'const char *'의 간접 참조 수준이 'char *[20]'과(와) 다릅니다.
d:\문서\github\assemblerinc\assemblerinc\assembler.c(290): warning C4024: 'strcmp': 형식 및 실제 매개 변수 1의 형식이 서로 다릅니다.
d:\문서\github\assemblerinc\assemblerinc\assembler.c(291): warning C4477: 'printf' : 서식 문자열 '%d'에 'int' 형식의 인수가 필요하지만 variadic 인수 1의 형식이 'char **'입니다.
d:\문서\github\assemblerinc\assemblerinc\assembler.c(354): warning C4047: '함수': 'char *'의 간접 참조 수준이 'char *[20]'과(와) 다릅니다.
d:\문서\github\assemblerinc\assemblerinc\assembler.c(354): warning C4024: 'strcpy': 형식 및 실제 매개 변수 1의 형식이 서로 다릅니다.
d:\문서\github\assemblerinc\assemblerinc\assembler.c(357): warning C4477: 'printf' : 서식 문자열 '%s'에 'char *' 형식의 인수가 필요하지만 variadic 인수 1의 형식이 'char **'입니다.
d:\문서\github\assemblerinc\assemblerinc\assembler.c(45): warning C4101: 'output' :참조되지 않은 지역 변수입니다.
d:\문서\github\assemblerinc\assemblerinc\assembler.c(60): warning C4101: 'dataArea' :참조되지 않은 지역 변수입니다.
  AssemblerInC.vcxproj -> D:\문서\GitHub\AssemblerInC\Debug\AssemblerInC.exe
